<?xml version="1.0" encoding="UTF-8"?>
<!-- Generated by org.testng.reporters.JUnitReportReporter -->
<testsuite hostname="DESKTOP-0L9DERS" failures="0" tests="4" name="testRunnerAllureParallelScenariosBrowsers1.TestRunnerAllureParallelScenariosBrowsers1" time="12.346" errors="0" timestamp="2025-05-08T21:45:05 EDT" skipped="0">
  <testcase classname="testRunnerAllureParallelScenariosBrowsers1.TestRunnerAllureParallelScenariosBrowsers1" name="runScenario" time="3.079"/>
  <testcase classname="testRunnerAllureParallelScenariosBrowsers1.TestRunnerAllureParallelScenariosBrowsers1" name="runScenario" time="3.109"/>
  <testcase classname="testRunnerAllureParallelScenariosBrowsers1.TestRunnerAllureParallelScenariosBrowsers1" name="runScenario" time="3.079"/>
  <testcase classname="testRunnerAllureParallelScenariosBrowsers1.TestRunnerAllureParallelScenariosBrowsers1" name="runScenario" time="3.079"/>
</testsuite> <!-- testRunnerAllureParallelScenariosBrowsers1.TestRunnerAllureParallelScenariosBrowsers1 -->
