<?xml version="1.0" encoding="UTF-8"?>
<!-- Generated by org.testng.reporters.JUnitReportReporter -->
<testsuite hostname="DESKTOP-0L9DERS" failures="0" tests="4" name="testRunnerAllureParallelScenariosBrowsers1.TestRunnerAllureParallelScenariosBrowsers1" time="16.662" errors="0" timestamp="2025-05-10T21:17:47 EDT" skipped="0">
  <testcase classname="testRunnerAllureParallelScenariosBrowsers1.TestRunnerAllureParallelScenariosBrowsers1" name="runScenario" time="4.269"/>
  <testcase classname="testRunnerAllureParallelScenariosBrowsers1.TestRunnerAllureParallelScenariosBrowsers1" name="runScenario" time="4.269"/>
  <testcase classname="testRunnerAllureParallelScenariosBrowsers1.TestRunnerAllureParallelScenariosBrowsers1" name="runScenario" time="3.657"/>
  <testcase classname="testRunnerAllureParallelScenariosBrowsers1.TestRunnerAllureParallelScenariosBrowsers1" name="runScenario" time="4.467"/>
</testsuite> <!-- testRunnerAllureParallelScenariosBrowsers1.TestRunnerAllureParallelScenariosBrowsers1 -->
