<?xml version="1.0" encoding="UTF-8"?>
<!-- Generated by org.testng.reporters.JUnitReportReporter -->
<testsuite hostname="DESKTOP-0L9DERS" failures="0" tests="4" name="testRunnerAllureParallelScenariosBrowsers1.TestRunnerAllureParallelScenariosBrowsers1" time="1.496" errors="4" timestamp="2025-05-07T22:25:09 EDT" skipped="0">
  <testcase classname="testRunnerAllureParallelScenariosBrowsers1.TestRunnerAllureParallelScenariosBrowsers1" name="runScenario" time="0.374">
    <error message="Cannot invoke &quot;String.toLowerCase()&quot; because &quot;browser&quot; is null" type="java.lang.NullPointerException">
      <![CDATA[java.lang.NullPointerException: Cannot invoke "String.toLowerCase()" because "browser" is null
at utilityAllureParallelScenariosBrowsers1.BaseClassAllureParallelScenariosBrowsers1.allureParallelScenariosBrowsers1_initializeDriver(BaseClassAllureParallelScenariosBrowsers1.java:91)
at stepDefinationAllureParallelScenariosBrowsers1.HooksAllureParallelScenariosBrowsers1.setUp(HooksAllureParallelScenariosBrowsers1.java:23)
]]>
    </error>
  </testcase> <!-- runScenario -->
  <testcase classname="testRunnerAllureParallelScenariosBrowsers1.TestRunnerAllureParallelScenariosBrowsers1" name="runScenario" time="0.374">
    <error message="Cannot invoke &quot;String.toLowerCase()&quot; because &quot;browser&quot; is null" type="java.lang.NullPointerException">
      <![CDATA[java.lang.NullPointerException: Cannot invoke "String.toLowerCase()" because "browser" is null
at utilityAllureParallelScenariosBrowsers1.BaseClassAllureParallelScenariosBrowsers1.allureParallelScenariosBrowsers1_initializeDriver(BaseClassAllureParallelScenariosBrowsers1.java:91)
at stepDefinationAllureParallelScenariosBrowsers1.HooksAllureParallelScenariosBrowsers1.setUp(HooksAllureParallelScenariosBrowsers1.java:23)
]]>
    </error>
  </testcase> <!-- runScenario -->
  <testcase classname="testRunnerAllureParallelScenariosBrowsers1.TestRunnerAllureParallelScenariosBrowsers1" name="runScenario" time="0.374">
    <error message="Cannot invoke &quot;String.toLowerCase()&quot; because &quot;browser&quot; is null" type="java.lang.NullPointerException">
      <![CDATA[java.lang.NullPointerException: Cannot invoke "String.toLowerCase()" because "browser" is null
at utilityAllureParallelScenariosBrowsers1.BaseClassAllureParallelScenariosBrowsers1.allureParallelScenariosBrowsers1_initializeDriver(BaseClassAllureParallelScenariosBrowsers1.java:91)
at stepDefinationAllureParallelScenariosBrowsers1.HooksAllureParallelScenariosBrowsers1.setUp(HooksAllureParallelScenariosBrowsers1.java:23)
]]>
    </error>
  </testcase> <!-- runScenario -->
  <testcase classname="testRunnerAllureParallelScenariosBrowsers1.TestRunnerAllureParallelScenariosBrowsers1" name="runScenario" time="0.374">
    <error message="Cannot invoke &quot;String.toLowerCase()&quot; because &quot;browser&quot; is null" type="java.lang.NullPointerException">
      <![CDATA[java.lang.NullPointerException: Cannot invoke "String.toLowerCase()" because "browser" is null
at utilityAllureParallelScenariosBrowsers1.BaseClassAllureParallelScenariosBrowsers1.allureParallelScenariosBrowsers1_initializeDriver(BaseClassAllureParallelScenariosBrowsers1.java:91)
at stepDefinationAllureParallelScenariosBrowsers1.HooksAllureParallelScenariosBrowsers1.setUp(HooksAllureParallelScenariosBrowsers1.java:23)
]]>
    </error>
  </testcase> <!-- runScenario -->
</testsuite> <!-- testRunnerAllureParallelScenariosBrowsers1.TestRunnerAllureParallelScenariosBrowsers1 -->
